{"/home/davi/agilize/PDI-Quiz/src/Pages/Home/Home.tsx": {"path":"/home/davi/agilize/PDI-Quiz/src/Pages/Home/Home.tsx","statementMap":{"0":{"start":{"line":1,"column":0},"end":{"line":1,"column":26}},"1":{"start":{"line":4,"column":2},"end":{"line":8,"column":4}},"2":{"start":{"line":11,"column":0},"end":{"line":11,"column":20}}},"fnMap":{"0":{"name":"Home","decl":{"start":{"line":3,"column":9},"end":{"line":3,"column":13}},"loc":{"start":{"line":3,"column":13},"end":{"line":9,"column":1}}}},"branchMap":{},"s":{"0":1,"1":1,"2":1},"f":{"0":1},"b":{}}
}
