{"/home/davi/agilize/fds/PDI-Quiz/src/Components/studantComponents/studantRegisteredTests/StudantRegisteredTests.tsx": {"path":"/home/davi/agilize/fds/PDI-Quiz/src/Components/studantComponents/studantRegisteredTests/StudantRegisteredTests.tsx","statementMap":{"0":{"start":{"line":1,"column":0},"end":{"line":1,"column":26}},"1":{"start":{"line":2,"column":0},"end":{"line":2,"column":70}},"2":{"start":{"line":3,"column":0},"end":{"line":3,"column":50}},"3":{"start":{"line":6,"column":22},"end":{"line":6,"column":51}},"4":{"start":{"line":7,"column":19},"end":{"line":7,"column":57}},"5":{"start":{"line":8,"column":27},"end":{"line":8,"column":55}},"6":{"start":{"line":9,"column":21},"end":{"line":9,"column":69}},"7":{"start":{"line":10,"column":30},"end":{"line":10,"column":141}},"8":{"start":{"line":10,"column":67},"end":{"line":10,"column":141}},"9":{"start":{"line":11,"column":27},"end":{"line":11,"column":138}},"10":{"start":{"line":11,"column":64},"end":{"line":11,"column":138}},"11":{"start":{"line":13,"column":2},"end":{"line":29,"column":4}},"12":{"start":{"line":32,"column":0},"end":{"line":32,"column":38}}},"fnMap":{"0":{"name":"StudantRegisteredTests","decl":{"start":{"line":5,"column":9},"end":{"line":5,"column":31}},"loc":{"start":{"line":5,"column":31},"end":{"line":30,"column":1}}},"1":{"name":"(anonymous_2)","decl":{"start":{"line":10,"column":46},"end":{"line":10,"column":47}},"loc":{"start":{"line":10,"column":62},"end":{"line":10,"column":71}}},"2":{"name":"(anonymous_3)","decl":{"start":{"line":11,"column":43},"end":{"line":11,"column":44}},"loc":{"start":{"line":11,"column":59},"end":{"line":11,"column":68}}}},"branchMap":{"0":{"loc":{"start":{"line":7,"column":19},"end":{"line":7,"column":57}},"type":"binary-expr","locations":[{"start":{"line":7,"column":19},"end":{"line":7,"column":30}},{"start":{"line":7,"column":34},"end":{"line":7,"column":57}}]},"1":{"loc":{"start":{"line":9,"column":21},"end":{"line":9,"column":69}},"type":"binary-expr","locations":[{"start":{"line":9,"column":21},"end":{"line":9,"column":37}},{"start":{"line":9,"column":41},"end":{"line":9,"column":69}}]},"2":{"loc":{"start":{"line":10,"column":67},"end":{"line":10,"column":140}},"type":"binary-expr","locations":[{"start":{"line":10,"column":67},"end":{"line":10,"column":100}},{"start":{"line":10,"column":104},"end":{"line":10,"column":140}}]},"3":{"loc":{"start":{"line":11,"column":64},"end":{"line":11,"column":137}},"type":"binary-expr","locations":[{"start":{"line":11,"column":64},"end":{"line":11,"column":97}},{"start":{"line":11,"column":101},"end":{"line":11,"column":137}}]},"4":{"loc":{"start":{"line":16,"column":7},"end":{"line":20,"column":null}},"type":"binary-expr","locations":[{"start":{"line":16,"column":7},"end":{"line":16,"column":35}},{"start":{"line":17,"column":8},"end":{"line":19,"column":null}}]},"5":{"loc":{"start":{"line":22,"column":7},"end":{"line":26,"column":null}},"type":"binary-expr","locations":[{"start":{"line":22,"column":7},"end":{"line":22,"column":32}},{"start":{"line":23,"column":8},"end":{"line":25,"column":null}}]}},"s":{"0":1,"1":1,"2":1,"3":2,"4":2,"5":2,"6":2,"7":2,"8":2,"9":2,"10":2,"11":2,"12":1},"f":{"0":2,"1":2,"2":2},"b":{"0":[2,2],"1":[2,2],"2":[2,2],"3":[2,2],"4":[2,2],"5":[2,0]}}
,"/home/davi/agilize/fds/PDI-Quiz/src/Components/studantComponents/testModal/TestModal.style.tsx": {"path":"/home/davi/agilize/fds/PDI-Quiz/src/Components/studantComponents/testModal/TestModal.style.tsx","statementMap":{"0":{"start":{"line":1,"column":0},"end":{"line":1,"column":39}},"1":{"start":{"line":3,"column":13},"end":{"line":19,"column":2}},"2":{"start":{"line":20,"column":13},"end":{"line":25,"column":2}},"3":{"start":{"line":26,"column":13},"end":{"line":29,"column":2}}},"fnMap":{},"branchMap":{"0":{"loc":{"start":{"line":3,"column":44},"end":{"line":19,"column":2}},"type":"binary-expr","locations":[{"start":{"line":3,"column":44},"end":{"line":3,"column":null}},{"start":{"line":3,"column":44},"end":{"line":19,"column":2}}]},"1":{"loc":{"start":{"line":20,"column":42},"end":{"line":25,"column":2}},"type":"binary-expr","locations":[{"start":{"line":20,"column":42},"end":{"line":20,"column":null}},{"start":{"line":20,"column":42},"end":{"line":25,"column":2}}]},"2":{"loc":{"start":{"line":26,"column":47},"end":{"line":29,"column":2}},"type":"binary-expr","locations":[{"start":{"line":26,"column":47},"end":{"line":26,"column":null}},{"start":{"line":26,"column":47},"end":{"line":29,"column":2}}]}},"s":{"0":1,"1":1,"2":1,"3":1},"f":{},"b":{"0":[1,1],"1":[1,1],"2":[1,1]}}
,"/home/davi/agilize/fds/PDI-Quiz/src/Components/studantComponents/testModal/TestModal.tsx": {"path":"/home/davi/agilize/fds/PDI-Quiz/src/Components/studantComponents/testModal/TestModal.tsx","statementMap":{"0":{"start":{"line":2,"column":0},"end":{"line":2,"column":134}},"1":{"start":{"line":4,"column":0},"end":{"line":4,"column":41}},"2":{"start":{"line":5,"column":0},"end":{"line":5,"column":59}},"3":{"start":{"line":6,"column":0},"end":{"line":6,"column":78}},"4":{"start":{"line":7,"column":0},"end":{"line":7,"column":75}},"5":{"start":{"line":8,"column":0},"end":{"line":8,"column":55}},"6":{"start":{"line":9,"column":0},"end":{"line":9,"column":69}},"7":{"start":{"line":10,"column":0},"end":{"line":10,"column":65}},"8":{"start":{"line":13,"column":68},"end":{"line":13,"column":74}},"9":{"start":{"line":15,"column":48},"end":{"line":15,"column":65}},"10":{"start":{"line":15,"column":24},"end":{"line":15,"column":26}},"11":{"start":{"line":15,"column":44},"end":{"line":15,"column":48}},"12":{"start":{"line":16,"column":28},"end":{"line":16,"column":53}},"13":{"start":{"line":16,"column":14},"end":{"line":16,"column":16}},"14":{"start":{"line":16,"column":24},"end":{"line":16,"column":28}},"15":{"start":{"line":17,"column":36},"end":{"line":17,"column":57}},"16":{"start":{"line":17,"column":18},"end":{"line":17,"column":20}},"17":{"start":{"line":17,"column":32},"end":{"line":17,"column":36}},"18":{"start":{"line":18,"column":46},"end":{"line":18,"column":67}},"19":{"start":{"line":18,"column":23},"end":{"line":18,"column":25}},"20":{"start":{"line":18,"column":42},"end":{"line":18,"column":46}},"21":{"start":{"line":19,"column":34},"end":{"line":19,"column":60}},"22":{"start":{"line":19,"column":17},"end":{"line":19,"column":19}},"23":{"start":{"line":19,"column":30},"end":{"line":19,"column":34}},"24":{"start":{"line":20,"column":34},"end":{"line":20,"column":43}},"25":{"start":{"line":20,"column":18},"end":{"line":20,"column":20}},"26":{"start":{"line":20,"column":29},"end":{"line":20,"column":34}},"27":{"start":{"line":21,"column":42},"end":{"line":21,"column":58}},"28":{"start":{"line":21,"column":15},"end":{"line":21,"column":17}},"29":{"start":{"line":21,"column":25},"end":{"line":21,"column":27}},"30":{"start":{"line":21,"column":37},"end":{"line":21,"column":42}},"31":{"start":{"line":22,"column":31},"end":{"line":26,"column":3}},"32":{"start":{"line":23,"column":4},"end":{"line":23,"column":58}},"33":{"start":{"line":24,"column":26},"end":{"line":24,"column":120}},"34":{"start":{"line":25,"column":4},"end":{"line":25,"column":81}},"35":{"start":{"line":27,"column":23},"end":{"line":27,"column":42}},"36":{"start":{"line":28,"column":28},"end":{"line":34,"column":4}},"37":{"start":{"line":35,"column":22},"end":{"line":47,"column":3}},"38":{"start":{"line":36,"column":26},"end":{"line":36,"column":55}},"39":{"start":{"line":37,"column":18},"end":{"line":37,"column":19}},"40":{"start":{"line":38,"column":4},"end":{"line":43,"column":null}},"41":{"start":{"line":38,"column":17},"end":{"line":38,"column":18}},"42":{"start":{"line":39,"column":21},"end":{"line":39,"column":134}},"43":{"start":{"line":40,"column":6},"end":{"line":42,"column":null}},"44":{"start":{"line":41,"column":8},"end":{"line":41,"column":21}},"45":{"start":{"line":44,"column":17},"end":{"line":44,"column":65}},"46":{"start":{"line":45,"column":4},"end":{"line":45,"column":19}},"47":{"start":{"line":46,"column":4},"end":{"line":46,"column":16}},"48":{"start":{"line":48,"column":21},"end":{"line":57,"column":3}},"49":{"start":{"line":49,"column":4},"end":{"line":56,"column":7}},"50":{"start":{"line":53,"column":8},"end":{"line":53,"column":58}},"51":{"start":{"line":54,"column":8},"end":{"line":54,"column":27}},"52":{"start":{"line":58,"column":2},"end":{"line":60,"column":9}},"53":{"start":{"line":59,"column":4},"end":{"line":59,"column":15}},"54":{"start":{"line":61,"column":2},"end":{"line":164,"column":4}},"55":{"start":{"line":65,"column":8},"end":{"line":67,"column":null}},"56":{"start":{"line":66,"column":10},"end":{"line":66,"column":17}},"57":{"start":{"line":68,"column":8},"end":{"line":68,"column":22}},"58":{"start":{"line":95,"column":54},"end":{"line":111,"column":16}},"59":{"start":{"line":120,"column":16},"end":{"line":120,"column":32}},"60":{"start":{"line":122,"column":16},"end":{"line":124,"column":null}},"61":{"start":{"line":123,"column":18},"end":{"line":123,"column":102}},"62":{"start":{"line":125,"column":16},"end":{"line":125,"column":56}},"63":{"start":{"line":133,"column":16},"end":{"line":133,"column":32}},"64":{"start":{"line":134,"column":16},"end":{"line":136,"column":null}},"65":{"start":{"line":135,"column":18},"end":{"line":135,"column":102}},"66":{"start":{"line":137,"column":16},"end":{"line":137,"column":49}},"67":{"start":{"line":155,"column":16},"end":{"line":155,"column":30}},"68":{"start":{"line":156,"column":16},"end":{"line":156,"column":34}},"69":{"start":{"line":12,"column":0},"end":{"line":12,"column":24}}},"fnMap":{"0":{"name":"TestModal","decl":{"start":{"line":12,"column":24},"end":{"line":12,"column":33}},"loc":{"start":{"line":12,"column":55},"end":{"line":165,"column":1}}},"1":{"name":"(anonymous_10)","decl":{"start":{"line":22,"column":31},"end":{"line":22,"column":32}},"loc":{"start":{"line":22,"column":74},"end":{"line":26,"column":3}}},"2":{"name":"(anonymous_11)","decl":{"start":{"line":35,"column":22},"end":{"line":35,"column":null}},"loc":{"start":{"line":35,"column":22},"end":{"line":47,"column":3}}},"3":{"name":"(anonymous_12)","decl":{"start":{"line":48,"column":21},"end":{"line":48,"column":null}},"loc":{"start":{"line":48,"column":21},"end":{"line":57,"column":3}}},"4":{"name":"(anonymous_13)","decl":{"start":{"line":52,"column":17},"end":{"line":52,"column":null}},"loc":{"start":{"line":52,"column":17},"end":{"line":55,"column":7}}},"5":{"name":"(anonymous_14)","decl":{"start":{"line":58,"column":12},"end":{"line":58,"column":null}},"loc":{"start":{"line":58,"column":12},"end":{"line":60,"column":3}}},"6":{"name":"(anonymous_15)","decl":{"start":{"line":64,"column":15},"end":{"line":64,"column":16}},"loc":{"start":{"line":64,"column":25},"end":{"line":69,"column":7}}},"7":{"name":"(anonymous_16)","decl":{"start":{"line":95,"column":37},"end":{"line":95,"column":38}},"loc":{"start":{"line":95,"column":49},"end":{"line":95,"column":null}}},"8":{"name":"(anonymous_17)","decl":{"start":{"line":119,"column":23},"end":{"line":119,"column":null}},"loc":{"start":{"line":119,"column":23},"end":{"line":126,"column":15}}},"9":{"name":"(anonymous_18)","decl":{"start":{"line":132,"column":23},"end":{"line":132,"column":null}},"loc":{"start":{"line":132,"column":23},"end":{"line":138,"column":15}}},"10":{"name":"(anonymous_19)","decl":{"start":{"line":154,"column":23},"end":{"line":154,"column":null}},"loc":{"start":{"line":154,"column":23},"end":{"line":157,"column":15}}}},"branchMap":{"0":{"loc":{"start":{"line":29,"column":4},"end":{"line":29,"column":52}},"type":"cond-expr","locations":[{"start":{"line":29,"column":38},"end":{"line":29,"column":40}},{"start":{"line":29,"column":38},"end":{"line":29,"column":52}}]},"1":{"loc":{"start":{"line":29,"column":4},"end":{"line":29,"column":40}},"type":"binary-expr","locations":[{"start":{"line":29,"column":4},"end":{"line":29,"column":40}},{"start":{"line":29,"column":38},"end":{"line":29,"column":40}}]},"2":{"loc":{"start":{"line":30,"column":4},"end":{"line":30,"column":52}},"type":"cond-expr","locations":[{"start":{"line":30,"column":38},"end":{"line":30,"column":40}},{"start":{"line":30,"column":38},"end":{"line":30,"column":52}}]},"3":{"loc":{"start":{"line":30,"column":4},"end":{"line":30,"column":40}},"type":"binary-expr","locations":[{"start":{"line":30,"column":4},"end":{"line":30,"column":40}},{"start":{"line":30,"column":38},"end":{"line":30,"column":40}}]},"4":{"loc":{"start":{"line":31,"column":4},"end":{"line":31,"column":52}},"type":"cond-expr","locations":[{"start":{"line":31,"column":38},"end":{"line":31,"column":40}},{"start":{"line":31,"column":38},"end":{"line":31,"column":52}}]},"5":{"loc":{"start":{"line":31,"column":4},"end":{"line":31,"column":40}},"type":"binary-expr","locations":[{"start":{"line":31,"column":4},"end":{"line":31,"column":40}},{"start":{"line":31,"column":38},"end":{"line":31,"column":40}}]},"6":{"loc":{"start":{"line":32,"column":4},"end":{"line":32,"column":52}},"type":"cond-expr","locations":[{"start":{"line":32,"column":38},"end":{"line":32,"column":40}},{"start":{"line":32,"column":38},"end":{"line":32,"column":52}}]},"7":{"loc":{"start":{"line":32,"column":4},"end":{"line":32,"column":40}},"type":"binary-expr","locations":[{"start":{"line":32,"column":4},"end":{"line":32,"column":40}},{"start":{"line":32,"column":38},"end":{"line":32,"column":40}}]},"8":{"loc":{"start":{"line":33,"column":4},"end":{"line":33,"column":52}},"type":"cond-expr","locations":[{"start":{"line":33,"column":38},"end":{"line":33,"column":40}},{"start":{"line":33,"column":38},"end":{"line":33,"column":52}}]},"9":{"loc":{"start":{"line":33,"column":4},"end":{"line":33,"column":40}},"type":"binary-expr","locations":[{"start":{"line":33,"column":4},"end":{"line":33,"column":40}},{"start":{"line":33,"column":38},"end":{"line":33,"column":40}}]},"10":{"loc":{"start":{"line":39,"column":21},"end":{"line":39,"column":134}},"type":"cond-expr","locations":[{"start":{"line":39,"column":77},"end":{"line":39,"column":129}},{"start":{"line":39,"column":132},"end":{"line":39,"column":134}}]},"11":{"loc":{"start":{"line":39,"column":21},"end":{"line":39,"column":74}},"type":"cond-expr","locations":[{"start":{"line":39,"column":66},"end":{"line":39,"column":68}},{"start":{"line":39,"column":66},"end":{"line":39,"column":74}}]},"12":{"loc":{"start":{"line":39,"column":21},"end":{"line":39,"column":68}},"type":"binary-expr","locations":[{"start":{"line":39,"column":21},"end":{"line":39,"column":68}},{"start":{"line":39,"column":66},"end":{"line":39,"column":68}}]},"13":{"loc":{"start":{"line":40,"column":6},"end":{"line":42,"column":null}},"type":"if","locations":[{"start":{"line":40,"column":6},"end":{"line":42,"column":null}}]},"14":{"loc":{"start":{"line":65,"column":8},"end":{"line":67,"column":null}},"type":"if","locations":[{"start":{"line":65,"column":8},"end":{"line":67,"column":null}}]},"15":{"loc":{"start":{"line":65,"column":12},"end":{"line":65,"column":48}},"type":"binary-expr","locations":[{"start":{"line":65,"column":12},"end":{"line":65,"column":18}},{"start":{"line":65,"column":22},"end":{"line":65,"column":48}}]},"16":{"loc":{"start":{"line":71,"column":9},"end":{"line":113,"column":null}},"type":"cond-expr","locations":[{"start":{"line":72,"column":10},"end":{"line":81,"column":null}},{"start":{"line":84,"column":10},"end":{"line":112,"column":null}}]},"17":{"loc":{"start":{"line":77,"column":46},"end":{"line":77,"column":81}},"type":"cond-expr","locations":[{"start":{"line":77,"column":58},"end":{"line":77,"column":69}},{"start":{"line":77,"column":72},"end":{"line":77,"column":81}}]},"18":{"loc":{"start":{"line":89,"column":15},"end":{"line":89,"column":88}},"type":"cond-expr","locations":[{"start":{"line":89,"column":28},"end":{"line":89,"column":37}},{"start":{"line":89,"column":40},"end":{"line":89,"column":88}}]},"19":{"loc":{"start":{"line":92,"column":27},"end":{"line":92,"column":76}},"type":"cond-expr","locations":[{"start":{"line":92,"column":61},"end":{"line":92,"column":63}},{"start":{"line":92,"column":61},"end":{"line":92,"column":76}}]},"20":{"loc":{"start":{"line":92,"column":27},"end":{"line":92,"column":63}},"type":"binary-expr","locations":[{"start":{"line":92,"column":27},"end":{"line":92,"column":63}},{"start":{"line":92,"column":61},"end":{"line":92,"column":63}}]},"21":{"loc":{"start":{"line":115,"column":9},"end":{"line":160,"column":null}},"type":"cond-expr","locations":[{"start":{"line":116,"column":10},"end":{"line":147,"column":null}},{"start":{"line":150,"column":10},"end":{"line":159,"column":null}}]},"22":{"loc":{"start":{"line":122,"column":16},"end":{"line":124,"column":null}},"type":"if","locations":[{"start":{"line":122,"column":16},"end":{"line":124,"column":null}}]},"23":{"loc":{"start":{"line":134,"column":16},"end":{"line":136,"column":null}},"type":"if","locations":[{"start":{"line":134,"column":16},"end":{"line":136,"column":null}}]}},"s":{"0":1,"1":1,"2":1,"3":1,"4":1,"5":1,"6":1,"7":1,"8":41,"9":8,"10":8,"11":8,"12":8,"13":8,"14":8,"15":8,"16":8,"17":8,"18":8,"19":8,"20":8,"21":8,"22":8,"23":8,"24":8,"25":8,"26":8,"27":8,"28":8,"29":8,"30":8,"31":8,"32":2,"33":2,"34":2,"35":8,"36":8,"37":8,"38":1,"39":1,"40":1,"41":1,"42":2,"43":2,"44":2,"45":1,"46":1,"47":1,"48":8,"49":1,"50":1,"51":1,"52":8,"53":1,"54":8,"55":0,"56":0,"57":0,"58":35,"59":0,"60":0,"61":0,"62":0,"63":1,"64":1,"65":0,"66":1,"67":0,"68":0,"69":1},"f":{"0":9,"1":2,"2":1,"3":1,"4":1,"5":1,"6":0,"7":35,"8":0,"9":1,"10":0},"b":{"0":[0,8],"1":[8,8],"2":[0,8],"3":[8,8],"4":[0,8],"5":[8,8],"6":[0,8],"7":[8,8],"8":[0,8],"9":[8,8],"10":[2,0],"11":[0,2],"12":[2,2],"13":[2],"14":[0],"15":[0,0],"16":[1,7],"17":[0,1],"18":[6,1],"19":[0,7],"20":[7,7],"21":[7,1],"22":[0],"23":[0]}}
,"/home/davi/agilize/fds/PDI-Quiz/src/Components/studantComponents/testModal/TestModal.types.tsx": {"path":"/home/davi/agilize/fds/PDI-Quiz/src/Components/studantComponents/testModal/TestModal.types.tsx","statementMap":{"0":{"start":{"line":22,"column":0},"end":{"line":22,"column":null}},"1":{"start":{"line":23,"column":2},"end":{"line":23,"column":null}},"2":{"start":{"line":24,"column":2},"end":{"line":24,"column":null}},"3":{"start":{"line":25,"column":2},"end":{"line":25,"column":null}},"4":{"start":{"line":26,"column":2},"end":{"line":26,"column":null}},"5":{"start":{"line":27,"column":2},"end":{"line":27,"column":null}}},"fnMap":{"0":{"name":"(anonymous_0)","decl":{"start":{"line":22,"column":0},"end":{"line":22,"column":12}},"loc":{"start":{"line":22,"column":24},"end":{"line":28,"column":1}}}},"branchMap":{"0":{"loc":{"start":{"line":22,"column":12},"end":{"line":22,"column":null}},"type":"binary-expr","locations":[{"start":{"line":22,"column":12},"end":{"line":22,"column":24}},{"start":{"line":22,"column":12},"end":{"line":22,"column":null}}]}},"s":{"0":1,"1":1,"2":1,"3":1,"4":1,"5":1},"f":{"0":1},"b":{"0":[1,1]}}
,"/home/davi/agilize/fds/PDI-Quiz/src/Components/testCard/TestCard.tsx": {"path":"/home/davi/agilize/fds/PDI-Quiz/src/Components/testCard/TestCard.tsx","statementMap":{"0":{"start":{"line":1,"column":0},"end":{"line":1,"column":26}},"1":{"start":{"line":2,"column":0},"end":{"line":2,"column":75}},"2":{"start":{"line":3,"column":0},"end":{"line":3,"column":24}},"3":{"start":{"line":4,"column":0},"end":{"line":4,"column":42}},"4":{"start":{"line":5,"column":0},"end":{"line":5,"column":54}},"5":{"start":{"line":6,"column":0},"end":{"line":6,"column":56}},"6":{"start":{"line":7,"column":0},"end":{"line":7,"column":56}},"7":{"start":{"line":8,"column":0},"end":{"line":8,"column":50}},"8":{"start":{"line":9,"column":0},"end":{"line":9,"column":54}},"9":{"start":{"line":10,"column":0},"end":{"line":10,"column":54}},"10":{"start":{"line":11,"column":0},"end":{"line":11,"column":59}},"11":{"start":{"line":12,"column":0},"end":{"line":12,"column":41}},"12":{"start":{"line":13,"column":0},"end":{"line":13,"column":43}},"13":{"start":{"line":14,"column":0},"end":{"line":14,"column":91}},"14":{"start":{"line":15,"column":0},"end":{"line":15,"column":65}},"15":{"start":{"line":18,"column":18},"end":{"line":33,"column":null}},"16":{"start":{"line":19,"column":2},"end":{"line":33,"column":null}},"17":{"start":{"line":37,"column":47},"end":{"line":37,"column":53}},"18":{"start":{"line":38,"column":36},"end":{"line":38,"column":57}},"19":{"start":{"line":38,"column":18},"end":{"line":38,"column":20}},"20":{"start":{"line":38,"column":32},"end":{"line":38,"column":36}},"21":{"start":{"line":40,"column":26},"end":{"line":42,"column":3}},"22":{"start":{"line":41,"column":4},"end":{"line":41,"column":23}},"23":{"start":{"line":44,"column":27},"end":{"line":46,"column":3}},"24":{"start":{"line":45,"column":4},"end":{"line":45,"column":24}},"25":{"start":{"line":47,"column":18},"end":{"line":47,"column":29}},"26":{"start":{"line":48,"column":34},"end":{"line":48,"column":55}},"27":{"start":{"line":48,"column":17},"end":{"line":48,"column":19}},"28":{"start":{"line":48,"column":30},"end":{"line":48,"column":34}},"29":{"start":{"line":50,"column":28},"end":{"line":52,"column":3}},"30":{"start":{"line":51,"column":4},"end":{"line":51,"column":27}},"31":{"start":{"line":53,"column":20},"end":{"line":57,"column":4}},"32":{"start":{"line":59,"column":2},"end":{"line":118,"column":4}},"33":{"start":{"line":90,"column":47},"end":{"line":112,"column":14}},"34":{"start":{"line":36,"column":0},"end":{"line":36,"column":24}}},"fnMap":{"0":{"name":"(anonymous_1)","decl":{"start":{"line":18,"column":29},"end":{"line":18,"column":30}},"loc":{"start":{"line":18,"column":42},"end":{"line":19,"column":14}}},"1":{"name":"TestCard","decl":{"start":{"line":36,"column":24},"end":{"line":36,"column":32}},"loc":{"start":{"line":36,"column":53},"end":{"line":119,"column":1}}},"2":{"name":"(anonymous_3)","decl":{"start":{"line":40,"column":26},"end":{"line":40,"column":null}},"loc":{"start":{"line":40,"column":26},"end":{"line":42,"column":3}}},"3":{"name":"(anonymous_4)","decl":{"start":{"line":44,"column":27},"end":{"line":44,"column":null}},"loc":{"start":{"line":44,"column":27},"end":{"line":46,"column":3}}},"4":{"name":"(anonymous_5)","decl":{"start":{"line":50,"column":28},"end":{"line":50,"column":null}},"loc":{"start":{"line":50,"column":28},"end":{"line":52,"column":3}}},"5":{"name":"(anonymous_6)","decl":{"start":{"line":90,"column":30},"end":{"line":90,"column":31}},"loc":{"start":{"line":90,"column":42},"end":{"line":90,"column":null}}}},"branchMap":{"0":{"loc":{"start":{"line":62,"column":27},"end":{"line":62,"column":48}},"type":"cond-expr","locations":[{"start":{"line":62,"column":42},"end":{"line":62,"column":44}},{"start":{"line":62,"column":42},"end":{"line":62,"column":48}}]},"1":{"loc":{"start":{"line":62,"column":27},"end":{"line":62,"column":44}},"type":"binary-expr","locations":[{"start":{"line":62,"column":27},"end":{"line":62,"column":44}},{"start":{"line":62,"column":42},"end":{"line":62,"column":44}}]},"2":{"loc":{"start":{"line":62,"column":94},"end":{"line":62,"column":125}},"type":"binary-expr","locations":[{"start":{"line":62,"column":94},"end":{"line":62,"column":103}},{"start":{"line":62,"column":107},"end":{"line":62,"column":125}}]},"3":{"loc":{"start":{"line":64,"column":11},"end":{"line":64,"column":114}},"type":"binary-expr","locations":[{"start":{"line":64,"column":11},"end":{"line":64,"column":20}},{"start":{"line":64,"column":24},"end":{"line":64,"column":114}}]},"4":{"loc":{"start":{"line":65,"column":11},"end":{"line":74,"column":null}},"type":"binary-expr","locations":[{"start":{"line":65,"column":11},"end":{"line":65,"column":20}},{"start":{"line":66,"column":12},"end":{"line":73,"column":null}}]},"5":{"loc":{"start":{"line":76,"column":11},"end":{"line":83,"column":null}},"type":"cond-expr","locations":[{"start":{"line":77,"column":12},"end":{"line":77,"column":null}},{"start":{"line":81,"column":12},"end":{"line":82,"column":null}}]},"6":{"loc":{"start":{"line":81,"column":64},"end":{"line":81,"column":116}},"type":"cond-expr","locations":[{"start":{"line":81,"column":93},"end":{"line":81,"column":102}},{"start":{"line":81,"column":105},"end":{"line":81,"column":116}}]},"7":{"loc":{"start":{"line":81,"column":64},"end":{"line":81,"column":90}},"type":"binary-expr","locations":[{"start":{"line":81,"column":64},"end":{"line":81,"column":73}},{"start":{"line":81,"column":77},"end":{"line":81,"column":90}}]},"8":{"loc":{"start":{"line":87,"column":7},"end":{"line":114,"column":null}},"type":"binary-expr","locations":[{"start":{"line":87,"column":7},"end":{"line":87,"column":16}},{"start":{"line":88,"column":8},"end":{"line":113,"column":null}}]},"9":{"loc":{"start":{"line":94,"column":25},"end":{"line":94,"column":150}},"type":"cond-expr","locations":[{"start":{"line":94,"column":89},"end":{"line":94,"column":98}},{"start":{"line":94,"column":101},"end":{"line":94,"column":150}}]},"10":{"loc":{"start":{"line":94,"column":25},"end":{"line":94,"column":86}},"type":"binary-expr","locations":[{"start":{"line":94,"column":25},"end":{"line":94,"column":44}},{"start":{"line":94,"column":48},"end":{"line":94,"column":86}}]},"11":{"loc":{"start":{"line":94,"column":101},"end":{"line":94,"column":150}},"type":"binary-expr","locations":[{"start":{"line":94,"column":102},"end":{"line":94,"column":121}},{"start":{"line":94,"column":125},"end":{"line":94,"column":136}},{"start":{"line":94,"column":141},"end":{"line":94,"column":150}}]},"12":{"loc":{"start":{"line":97,"column":25},"end":{"line":97,"column":150}},"type":"cond-expr","locations":[{"start":{"line":97,"column":89},"end":{"line":97,"column":98}},{"start":{"line":97,"column":101},"end":{"line":97,"column":150}}]},"13":{"loc":{"start":{"line":97,"column":25},"end":{"line":97,"column":86}},"type":"binary-expr","locations":[{"start":{"line":97,"column":25},"end":{"line":97,"column":44}},{"start":{"line":97,"column":48},"end":{"line":97,"column":86}}]},"14":{"loc":{"start":{"line":97,"column":101},"end":{"line":97,"column":150}},"type":"binary-expr","locations":[{"start":{"line":97,"column":102},"end":{"line":97,"column":121}},{"start":{"line":97,"column":125},"end":{"line":97,"column":136}},{"start":{"line":97,"column":141},"end":{"line":97,"column":150}}]},"15":{"loc":{"start":{"line":100,"column":25},"end":{"line":100,"column":150}},"type":"cond-expr","locations":[{"start":{"line":100,"column":89},"end":{"line":100,"column":98}},{"start":{"line":100,"column":101},"end":{"line":100,"column":150}}]},"16":{"loc":{"start":{"line":100,"column":25},"end":{"line":100,"column":86}},"type":"binary-expr","locations":[{"start":{"line":100,"column":25},"end":{"line":100,"column":44}},{"start":{"line":100,"column":48},"end":{"line":100,"column":86}}]},"17":{"loc":{"start":{"line":100,"column":101},"end":{"line":100,"column":150}},"type":"binary-expr","locations":[{"start":{"line":100,"column":102},"end":{"line":100,"column":121}},{"start":{"line":100,"column":125},"end":{"line":100,"column":136}},{"start":{"line":100,"column":141},"end":{"line":100,"column":150}}]},"18":{"loc":{"start":{"line":103,"column":25},"end":{"line":103,"column":150}},"type":"cond-expr","locations":[{"start":{"line":103,"column":89},"end":{"line":103,"column":98}},{"start":{"line":103,"column":101},"end":{"line":103,"column":150}}]},"19":{"loc":{"start":{"line":103,"column":25},"end":{"line":103,"column":86}},"type":"binary-expr","locations":[{"start":{"line":103,"column":25},"end":{"line":103,"column":44}},{"start":{"line":103,"column":48},"end":{"line":103,"column":86}}]},"20":{"loc":{"start":{"line":103,"column":101},"end":{"line":103,"column":150}},"type":"binary-expr","locations":[{"start":{"line":103,"column":102},"end":{"line":103,"column":121}},{"start":{"line":103,"column":125},"end":{"line":103,"column":136}},{"start":{"line":103,"column":141},"end":{"line":103,"column":150}}]},"21":{"loc":{"start":{"line":106,"column":25},"end":{"line":106,"column":150}},"type":"cond-expr","locations":[{"start":{"line":106,"column":89},"end":{"line":106,"column":98}},{"start":{"line":106,"column":101},"end":{"line":106,"column":150}}]},"22":{"loc":{"start":{"line":106,"column":25},"end":{"line":106,"column":86}},"type":"binary-expr","locations":[{"start":{"line":106,"column":25},"end":{"line":106,"column":44}},{"start":{"line":106,"column":48},"end":{"line":106,"column":86}}]},"23":{"loc":{"start":{"line":106,"column":101},"end":{"line":106,"column":150}},"type":"binary-expr","locations":[{"start":{"line":106,"column":102},"end":{"line":106,"column":121}},{"start":{"line":106,"column":125},"end":{"line":106,"column":136}},{"start":{"line":106,"column":141},"end":{"line":106,"column":150}}]},"24":{"loc":{"start":{"line":108,"column":17},"end":{"line":109,"column":null}},"type":"binary-expr","locations":[{"start":{"line":108,"column":17},"end":{"line":108,"column":28}},{"start":{"line":109,"column":18},"end":{"line":109,"column":158}}]},"25":{"loc":{"start":{"line":109,"column":37},"end":{"line":109,"column":101}},"type":"cond-expr","locations":[{"start":{"line":109,"column":78},"end":{"line":109,"column":87}},{"start":{"line":109,"column":90},"end":{"line":109,"column":101}}]}},"s":{"0":1,"1":1,"2":1,"3":1,"4":1,"5":1,"6":1,"7":1,"8":1,"9":1,"10":1,"11":1,"12":1,"13":1,"14":1,"15":1,"16":1,"17":8,"18":2,"19":2,"20":2,"21":2,"22":1,"23":2,"24":0,"25":2,"26":2,"27":2,"28":2,"29":2,"30":0,"31":2,"32":2,"33":0,"34":1},"f":{"0":1,"1":4,"2":1,"3":0,"4":0,"5":0},"b":{"0":[0,2],"1":[2,2],"2":[2,0],"3":[2,0],"4":[2,0],"5":[2,0],"6":[0,0],"7":[0,0],"8":[2,0],"9":[0,0],"10":[0,0],"11":[0,0,0],"12":[0,0],"13":[0,0],"14":[0,0,0],"15":[0,0],"16":[0,0],"17":[0,0,0],"18":[0,0],"19":[0,0],"20":[0,0,0],"21":[0,0],"22":[0,0],"23":[0,0,0],"24":[0,0],"25":[0,0]}}
,"/home/davi/agilize/fds/PDI-Quiz/src/Components/testCard/TestCard.types.tsx": {"path":"/home/davi/agilize/fds/PDI-Quiz/src/Components/testCard/TestCard.types.tsx","statementMap":{"0":{"start":{"line":32,"column":0},"end":{"line":32,"column":null}},"1":{"start":{"line":33,"column":2},"end":{"line":33,"column":null}},"2":{"start":{"line":34,"column":2},"end":{"line":34,"column":null}},"3":{"start":{"line":35,"column":2},"end":{"line":35,"column":null}}},"fnMap":{"0":{"name":"(anonymous_0)","decl":{"start":{"line":32,"column":0},"end":{"line":32,"column":12}},"loc":{"start":{"line":32,"column":22},"end":{"line":36,"column":1}}}},"branchMap":{"0":{"loc":{"start":{"line":32,"column":12},"end":{"line":32,"column":null}},"type":"binary-expr","locations":[{"start":{"line":32,"column":12},"end":{"line":32,"column":22}},{"start":{"line":32,"column":12},"end":{"line":32,"column":null}}]}},"s":{"0":1,"1":1,"2":1,"3":1},"f":{"0":1},"b":{"0":[1,1]}}
,"/home/davi/agilize/fds/PDI-Quiz/src/Components/testsList/TestsList.tsx": {"path":"/home/davi/agilize/fds/PDI-Quiz/src/Components/testsList/TestsList.tsx","statementMap":{"0":{"start":{"line":2,"column":0},"end":{"line":2,"column":46}},"1":{"start":{"line":3,"column":0},"end":{"line":3,"column":39}},"2":{"start":{"line":4,"column":0},"end":{"line":4,"column":44}},"3":{"start":{"line":7,"column":30},"end":{"line":7,"column":32}},"4":{"start":{"line":7,"column":40},"end":{"line":7,"column":42}},"5":{"start":{"line":7,"column":57},"end":{"line":7,"column":125}},"6":{"start":{"line":8,"column":26},"end":{"line":8,"column":43}},"7":{"start":{"line":8,"column":13},"end":{"line":8,"column":15}},"8":{"start":{"line":8,"column":22},"end":{"line":8,"column":26}},"9":{"start":{"line":9,"column":27},"end":{"line":11,"column":3}},"10":{"start":{"line":10,"column":4},"end":{"line":10,"column":19}},"11":{"start":{"line":12,"column":19},"end":{"line":12,"column":20}},"12":{"start":{"line":13,"column":19},"end":{"line":13,"column":71}},"13":{"start":{"line":14,"column":27},"end":{"line":18,"column":12}},"14":{"start":{"line":15,"column":27},"end":{"line":15,"column":48}},"15":{"start":{"line":16,"column":26},"end":{"line":16,"column":51}},"16":{"start":{"line":17,"column":4},"end":{"line":17,"column":69}},"17":{"start":{"line":19,"column":2},"end":{"line":28,"column":4}},"18":{"start":{"line":21,"column":61},"end":{"line":21,"column":142}},"19":{"start":{"line":31,"column":0},"end":{"line":31,"column":25}}},"fnMap":{"0":{"name":"TestsList","decl":{"start":{"line":7,"column":9},"end":{"line":7,"column":18}},"loc":{"start":{"line":7,"column":125},"end":{"line":29,"column":1}}},"1":{"name":"(anonymous_8)","decl":{"start":{"line":9,"column":27},"end":{"line":9,"column":28}},"loc":{"start":{"line":9,"column":76},"end":{"line":11,"column":3}}},"2":{"name":"(anonymous_9)","decl":{"start":{"line":14,"column":35},"end":{"line":14,"column":null}},"loc":{"start":{"line":14,"column":35},"end":{"line":18,"column":3}}},"3":{"name":"(anonymous_10)","decl":{"start":{"line":21,"column":40},"end":{"line":21,"column":41}},"loc":{"start":{"line":21,"column":56},"end":{"line":21,"column":62}}}},"branchMap":{"0":{"loc":{"start":{"line":13,"column":19},"end":{"line":13,"column":71}},"type":"cond-expr","locations":[{"start":{"line":13,"column":30},"end":{"line":13,"column":67}},{"start":{"line":13,"column":70},"end":{"line":13,"column":71}}]},"1":{"loc":{"start":{"line":17,"column":11},"end":{"line":17,"column":68}},"type":"binary-expr","locations":[{"start":{"line":17,"column":11},"end":{"line":17,"column":19}},{"start":{"line":17,"column":23},"end":{"line":17,"column":68}}]},"2":{"loc":{"start":{"line":21,"column":7},"end":{"line":21,"column":142}},"type":"binary-expr","locations":[{"start":{"line":21,"column":7},"end":{"line":21,"column":15}},{"start":{"line":21,"column":19},"end":{"line":21,"column":142}}]},"3":{"loc":{"start":{"line":22,"column":7},"end":{"line":25,"column":null}},"type":"binary-expr","locations":[{"start":{"line":22,"column":7},"end":{"line":22,"column":19}},{"start":{"line":23,"column":8},"end":{"line":24,"column":null}}]}},"s":{"0":1,"1":1,"2":1,"3":2,"4":1,"5":1,"6":1,"7":1,"8":1,"9":1,"10":0,"11":1,"12":1,"13":1,"14":1,"15":1,"16":1,"17":1,"18":1,"19":1},"f":{"0":2,"1":0,"2":1,"3":1},"b":{"0":[1,0],"1":[1,1],"2":[1,1],"3":[1,0]}}
,"/home/davi/agilize/fds/PDI-Quiz/src/services/fetchService/FetchService.tsx": {"path":"/home/davi/agilize/fds/PDI-Quiz/src/services/fetchService/FetchService.tsx","statementMap":{"0":{"start":{"line":2,"column":0},"end":{"line":2,"column":64}},"1":{"start":{"line":5,"column":13},"end":{"line":43,"column":2}},"2":{"start":{"line":6,"column":38},"end":{"line":23,"column":null}},"3":{"start":{"line":7,"column":12},"end":{"line":7,"column":54}},"4":{"start":{"line":9,"column":4},"end":{"line":11,"column":null}},"5":{"start":{"line":10,"column":6},"end":{"line":10,"column":25}},"6":{"start":{"line":12,"column":4},"end":{"line":22,"column":7}},"7":{"start":{"line":13,"column":6},"end":{"line":15,"column":null}},"8":{"start":{"line":14,"column":8},"end":{"line":14,"column":31}},"9":{"start":{"line":16,"column":6},"end":{"line":18,"column":null}},"10":{"start":{"line":17,"column":8},"end":{"line":17,"column":23}},"11":{"start":{"line":19,"column":6},"end":{"line":21,"column":null}},"12":{"start":{"line":20,"column":8},"end":{"line":20,"column":35}},"13":{"start":{"line":25,"column":39},"end":{"line":42,"column":null}},"14":{"start":{"line":26,"column":12},"end":{"line":26,"column":63}},"15":{"start":{"line":28,"column":4},"end":{"line":30,"column":null}},"16":{"start":{"line":29,"column":6},"end":{"line":29,"column":25}},"17":{"start":{"line":31,"column":4},"end":{"line":41,"column":7}},"18":{"start":{"line":32,"column":6},"end":{"line":34,"column":null}},"19":{"start":{"line":33,"column":8},"end":{"line":33,"column":31}},"20":{"start":{"line":35,"column":6},"end":{"line":37,"column":null}},"21":{"start":{"line":36,"column":8},"end":{"line":36,"column":23}},"22":{"start":{"line":38,"column":6},"end":{"line":40,"column":null}},"23":{"start":{"line":39,"column":8},"end":{"line":39,"column":35}}},"fnMap":{"0":{"name":"(anonymous_13)","decl":{"start":{"line":6,"column":7},"end":{"line":6,"column":14}},"loc":{"start":{"line":6,"column":38},"end":{"line":23,"column":null}}},"1":{"name":"(anonymous_14)","decl":{"start":{"line":6,"column":38},"end":{"line":6,"column":null}},"loc":{"start":{"line":6,"column":38},"end":{"line":23,"column":null}}},"2":{"name":"(anonymous_16)","decl":{"start":{"line":12,"column":32},"end":{"line":12,"column":35}},"loc":{"start":{"line":12,"column":35},"end":{"line":22,"column":5}}},"3":{"name":"(anonymous_17)","decl":{"start":{"line":25,"column":8},"end":{"line":25,"column":15}},"loc":{"start":{"line":25,"column":39},"end":{"line":42,"column":null}}},"4":{"name":"(anonymous_18)","decl":{"start":{"line":25,"column":39},"end":{"line":25,"column":null}},"loc":{"start":{"line":25,"column":39},"end":{"line":42,"column":null}}},"5":{"name":"(anonymous_20)","decl":{"start":{"line":31,"column":42},"end":{"line":31,"column":45}},"loc":{"start":{"line":31,"column":45},"end":{"line":41,"column":5}}}},"branchMap":{"0":{"loc":{"start":{"line":9,"column":4},"end":{"line":11,"column":null}},"type":"if","locations":[{"start":{"line":9,"column":4},"end":{"line":11,"column":null}}]},"1":{"loc":{"start":{"line":13,"column":6},"end":{"line":15,"column":null}},"type":"if","locations":[{"start":{"line":13,"column":6},"end":{"line":15,"column":null}}]},"2":{"loc":{"start":{"line":16,"column":6},"end":{"line":18,"column":null}},"type":"if","locations":[{"start":{"line":16,"column":6},"end":{"line":18,"column":null}}]},"3":{"loc":{"start":{"line":19,"column":6},"end":{"line":21,"column":null}},"type":"if","locations":[{"start":{"line":19,"column":6},"end":{"line":21,"column":null}}]},"4":{"loc":{"start":{"line":28,"column":4},"end":{"line":30,"column":null}},"type":"if","locations":[{"start":{"line":28,"column":4},"end":{"line":30,"column":null}}]},"5":{"loc":{"start":{"line":32,"column":6},"end":{"line":34,"column":null}},"type":"if","locations":[{"start":{"line":32,"column":6},"end":{"line":34,"column":null}}]},"6":{"loc":{"start":{"line":35,"column":6},"end":{"line":37,"column":null}},"type":"if","locations":[{"start":{"line":35,"column":6},"end":{"line":37,"column":null}}]},"7":{"loc":{"start":{"line":38,"column":6},"end":{"line":40,"column":null}},"type":"if","locations":[{"start":{"line":38,"column":6},"end":{"line":40,"column":null}}]}},"s":{"0":1,"1":1,"2":0,"3":0,"4":0,"5":0,"6":0,"7":0,"8":0,"9":0,"10":0,"11":0,"12":0,"13":1,"14":1,"15":1,"16":1,"17":1,"18":1,"19":0,"20":1,"21":1,"22":1,"23":1},"f":{"0":0,"1":0,"2":0,"3":1,"4":1,"5":1},"b":{"0":[0],"1":[0],"2":[0],"3":[0],"4":[1],"5":[0],"6":[1],"7":[1]}}
,"/home/davi/agilize/fds/PDI-Quiz/src/services/fetchService/countDown/CountDown.tsx": {"path":"/home/davi/agilize/fds/PDI-Quiz/src/services/fetchService/countDown/CountDown.tsx","statementMap":{"0":{"start":{"line":1,"column":0},"end":{"line":1,"column":47}},"1":{"start":{"line":2,"column":0},"end":{"line":2,"column":51}},"2":{"start":{"line":4,"column":21},"end":{"line":39,"column":1}},"3":{"start":{"line":5,"column":42},"end":{"line":5,"column":64}},"4":{"start":{"line":5,"column":21},"end":{"line":5,"column":23}},"5":{"start":{"line":5,"column":38},"end":{"line":5,"column":42}},"6":{"start":{"line":6,"column":38},"end":{"line":6,"column":53}},"7":{"start":{"line":6,"column":19},"end":{"line":6,"column":21}},"8":{"start":{"line":6,"column":34},"end":{"line":6,"column":38}},"9":{"start":{"line":8,"column":23},"end":{"line":8,"column":52}},"10":{"start":{"line":9,"column":18},"end":{"line":9,"column":35}},"11":{"start":{"line":10,"column":26},"end":{"line":10,"column":61}},"12":{"start":{"line":12,"column":2},"end":{"line":23,"column":33}},"13":{"start":{"line":13,"column":4},"end":{"line":17,"column":null}},"14":{"start":{"line":14,"column":6},"end":{"line":14,"column":27}},"15":{"start":{"line":15,"column":6},"end":{"line":15,"column":36}},"16":{"start":{"line":16,"column":6},"end":{"line":16,"column":13}},"17":{"start":{"line":18,"column":4},"end":{"line":22,"column":null}},"18":{"start":{"line":19,"column":6},"end":{"line":21,"column":15}},"19":{"start":{"line":20,"column":8},"end":{"line":20,"column":42}},"20":{"start":{"line":25,"column":4},"end":{"line":31,"column":6}},"21":{"start":{"line":34,"column":2},"end":{"line":38,"column":4}},"22":{"start":{"line":37,"column":20},"end":{"line":37,"column":null}},"23":{"start":{"line":41,"column":0},"end":{"line":41,"column":28}}},"fnMap":{"0":{"name":"(anonymous_6)","decl":{"start":{"line":4,"column":21},"end":{"line":4,"column":22}},"loc":{"start":{"line":4,"column":37},"end":{"line":39,"column":1}}},"1":{"name":"(anonymous_7)","decl":{"start":{"line":12,"column":12},"end":{"line":12,"column":null}},"loc":{"start":{"line":12,"column":12},"end":{"line":23,"column":3}}},"2":{"name":"(anonymous_8)","decl":{"start":{"line":19,"column":17},"end":{"line":19,"column":null}},"loc":{"start":{"line":19,"column":17},"end":{"line":21,"column":7}}},"3":{"name":"CountDown","decl":{"start":{"line":24,"column":11},"end":{"line":24,"column":20}},"loc":{"start":{"line":24,"column":20},"end":{"line":32,"column":3}}},"4":{"name":"(anonymous_10)","decl":{"start":{"line":37,"column":14},"end":{"line":37,"column":20}},"loc":{"start":{"line":37,"column":14},"end":{"line":37,"column":33}}}},"branchMap":{"0":{"loc":{"start":{"line":13,"column":4},"end":{"line":17,"column":null}},"type":"if","locations":[{"start":{"line":13,"column":4},"end":{"line":17,"column":null}}]},"1":{"loc":{"start":{"line":18,"column":4},"end":{"line":22,"column":null}},"type":"if","locations":[{"start":{"line":18,"column":4},"end":{"line":22,"column":null}}]},"2":{"loc":{"start":{"line":27,"column":27},"end":{"line":27,"column":70}},"type":"cond-expr","locations":[{"start":{"line":27,"column":47},"end":{"line":27,"column":58}},{"start":{"line":27,"column":61},"end":{"line":27,"column":70}}]}},"s":{"0":1,"1":1,"2":1,"3":8,"4":8,"5":8,"6":8,"7":8,"8":8,"9":8,"10":8,"11":8,"12":8,"13":2,"14":0,"15":0,"16":0,"17":2,"18":1,"19":0,"20":5,"21":8,"22":1,"23":1},"f":{"0":8,"1":2,"2":0,"3":5,"4":1},"b":{"0":[0],"1":[1],"2":[0,5]}}
}
