TN:
SF:src/Components/studantComponents/studantRegisteredTests/StudantRegisteredTests.tsx
FN:5,StudantRegisteredTests
FN:10,(anonymous_2)
FN:11,(anonymous_3)
FNF:3
FNH:3
FNDA:2,StudantRegisteredTests
FNDA:2,(anonymous_2)
FNDA:2,(anonymous_3)
DA:1,1
DA:2,1
DA:3,1
DA:6,2
DA:7,2
DA:8,2
DA:9,2
DA:10,2
DA:11,2
DA:13,2
DA:32,1
LF:11
LH:11
BRDA:7,0,0,2
BRDA:7,0,1,2
BRDA:9,1,0,2
BRDA:9,1,1,2
BRDA:10,2,0,2
BRDA:10,2,1,2
BRDA:11,3,0,2
BRDA:11,3,1,2
BRDA:16,4,0,2
BRDA:16,4,1,2
BRDA:22,5,0,2
BRDA:22,5,1,0
BRF:12
BRH:11
end_of_record
TN:
SF:src/Components/studantComponents/testModal/TestModal.style.tsx
FNF:0
FNH:0
DA:1,1
DA:3,1
DA:20,1
DA:26,1
LF:4
LH:4
BRDA:3,0,0,1
BRDA:3,0,1,1
BRDA:20,1,0,1
BRDA:20,1,1,1
BRDA:26,2,0,1
BRDA:26,2,1,1
BRF:6
BRH:6
end_of_record
TN:
SF:src/Components/studantComponents/testModal/TestModal.tsx
FN:12,TestModal
FN:22,(anonymous_10)
FN:35,(anonymous_11)
FN:48,(anonymous_12)
FN:52,(anonymous_13)
FN:58,(anonymous_14)
FN:64,(anonymous_15)
FN:95,(anonymous_16)
FN:119,(anonymous_17)
FN:132,(anonymous_18)
FN:154,(anonymous_19)
FNF:11
FNH:8
FNDA:9,TestModal
FNDA:2,(anonymous_10)
FNDA:1,(anonymous_11)
FNDA:1,(anonymous_12)
FNDA:1,(anonymous_13)
FNDA:1,(anonymous_14)
FNDA:0,(anonymous_15)
FNDA:35,(anonymous_16)
FNDA:0,(anonymous_17)
FNDA:1,(anonymous_18)
FNDA:0,(anonymous_19)
DA:2,1
DA:4,1
DA:5,1
DA:6,1
DA:7,1
DA:8,1
DA:9,1
DA:10,1
DA:12,1
DA:13,41
DA:15,8
DA:16,8
DA:17,8
DA:18,8
DA:19,8
DA:20,8
DA:21,8
DA:22,8
DA:23,2
DA:24,2
DA:25,2
DA:27,8
DA:28,8
DA:35,8
DA:36,1
DA:37,1
DA:38,1
DA:39,2
DA:40,2
DA:41,2
DA:44,1
DA:45,1
DA:46,1
DA:48,8
DA:49,1
DA:53,1
DA:54,1
DA:58,8
DA:59,1
DA:61,8
DA:65,0
DA:66,0
DA:68,0
DA:95,35
DA:120,0
DA:122,0
DA:123,0
DA:125,0
DA:133,1
DA:134,1
DA:135,0
DA:137,1
DA:155,0
DA:156,0
LF:54
LH:44
BRDA:29,0,0,0
BRDA:29,0,1,8
BRDA:29,1,0,8
BRDA:29,1,1,8
BRDA:30,2,0,0
BRDA:30,2,1,8
BRDA:30,3,0,8
BRDA:30,3,1,8
BRDA:31,4,0,0
BRDA:31,4,1,8
BRDA:31,5,0,8
BRDA:31,5,1,8
BRDA:32,6,0,0
BRDA:32,6,1,8
BRDA:32,7,0,8
BRDA:32,7,1,8
BRDA:33,8,0,0
BRDA:33,8,1,8
BRDA:33,9,0,8
BRDA:33,9,1,8
BRDA:39,10,0,2
BRDA:39,10,1,0
BRDA:39,11,0,0
BRDA:39,11,1,2
BRDA:39,12,0,2
BRDA:39,12,1,2
BRDA:40,13,0,2
BRDA:65,14,0,0
BRDA:65,15,0,0
BRDA:65,15,1,0
BRDA:71,16,0,1
BRDA:71,16,1,7
BRDA:77,17,0,0
BRDA:77,17,1,1
BRDA:89,18,0,6
BRDA:89,18,1,1
BRDA:92,19,0,0
BRDA:92,19,1,7
BRDA:92,20,0,7
BRDA:92,20,1,7
BRDA:115,21,0,7
BRDA:115,21,1,1
BRDA:122,22,0,0
BRDA:134,23,0,0
BRF:44
BRH:30
end_of_record
TN:
SF:src/Components/studantComponents/testModal/TestModal.types.tsx
FN:22,(anonymous_0)
FNF:1
FNH:1
FNDA:1,(anonymous_0)
DA:22,1
DA:23,1
DA:24,1
DA:25,1
DA:26,1
DA:27,1
LF:6
LH:6
BRDA:22,0,0,1
BRDA:22,0,1,1
BRF:2
BRH:2
end_of_record
TN:
SF:src/Components/testCard/TestCard.tsx
FN:18,(anonymous_1)
FN:36,TestCard
FN:40,(anonymous_3)
FN:44,(anonymous_4)
FN:50,(anonymous_5)
FN:90,(anonymous_6)
FNF:6
FNH:3
FNDA:1,(anonymous_1)
FNDA:4,TestCard
FNDA:1,(anonymous_3)
FNDA:0,(anonymous_4)
FNDA:0,(anonymous_5)
FNDA:0,(anonymous_6)
DA:1,1
DA:2,1
DA:3,1
DA:4,1
DA:5,1
DA:6,1
DA:7,1
DA:8,1
DA:9,1
DA:10,1
DA:11,1
DA:12,1
DA:13,1
DA:14,1
DA:15,1
DA:18,1
DA:19,1
DA:36,1
DA:37,8
DA:38,2
DA:40,2
DA:41,1
DA:44,2
DA:45,0
DA:47,2
DA:48,2
DA:50,2
DA:51,0
DA:53,2
DA:59,2
DA:90,0
LF:31
LH:28
BRDA:62,0,0,0
BRDA:62,0,1,2
BRDA:62,1,0,2
BRDA:62,1,1,2
BRDA:62,2,0,2
BRDA:62,2,1,0
BRDA:64,3,0,2
BRDA:64,3,1,0
BRDA:65,4,0,2
BRDA:65,4,1,0
BRDA:76,5,0,2
BRDA:76,5,1,0
BRDA:81,6,0,0
BRDA:81,6,1,0
BRDA:81,7,0,0
BRDA:81,7,1,0
BRDA:87,8,0,2
BRDA:87,8,1,0
BRDA:94,9,0,0
BRDA:94,9,1,0
BRDA:94,10,0,0
BRDA:94,10,1,0
BRDA:94,11,0,0
BRDA:94,11,1,0
BRDA:94,11,2,0
BRDA:97,12,0,0
BRDA:97,12,1,0
BRDA:97,13,0,0
BRDA:97,13,1,0
BRDA:97,14,0,0
BRDA:97,14,1,0
BRDA:97,14,2,0
BRDA:100,15,0,0
BRDA:100,15,1,0
BRDA:100,16,0,0
BRDA:100,16,1,0
BRDA:100,17,0,0
BRDA:100,17,1,0
BRDA:100,17,2,0
BRDA:103,18,0,0
BRDA:103,18,1,0
BRDA:103,19,0,0
BRDA:103,19,1,0
BRDA:103,20,0,0
BRDA:103,20,1,0
BRDA:103,20,2,0
BRDA:106,21,0,0
BRDA:106,21,1,0
BRDA:106,22,0,0
BRDA:106,22,1,0
BRDA:106,23,0,0
BRDA:106,23,1,0
BRDA:106,23,2,0
BRDA:108,24,0,0
BRDA:108,24,1,0
BRDA:109,25,0,0
BRDA:109,25,1,0
BRF:57
BRH:8
end_of_record
TN:
SF:src/Components/testCard/TestCard.types.tsx
FN:32,(anonymous_0)
FNF:1
FNH:1
FNDA:1,(anonymous_0)
DA:32,1
DA:33,1
DA:34,1
DA:35,1
LF:4
LH:4
BRDA:32,0,0,1
BRDA:32,0,1,1
BRF:2
BRH:2
end_of_record
TN:
SF:src/Components/testsList/TestsList.tsx
FN:7,TestsList
FN:9,(anonymous_8)
FN:14,(anonymous_9)
FN:21,(anonymous_10)
FNF:4
FNH:3
FNDA:2,TestsList
FNDA:0,(anonymous_8)
FNDA:1,(anonymous_9)
FNDA:1,(anonymous_10)
DA:2,1
DA:3,1
DA:4,1
DA:7,2
DA:8,1
DA:9,1
DA:10,0
DA:12,1
DA:13,1
DA:14,1
DA:15,1
DA:16,1
DA:17,1
DA:19,1
DA:21,1
DA:31,1
LF:16
LH:15
BRDA:13,0,0,1
BRDA:13,0,1,0
BRDA:17,1,0,1
BRDA:17,1,1,1
BRDA:21,2,0,1
BRDA:21,2,1,1
BRDA:22,3,0,1
BRDA:22,3,1,0
BRF:8
BRH:6
end_of_record
TN:
SF:src/services/fetchService/FetchService.tsx
FN:6,(anonymous_13)
FN:6,(anonymous_14)
FN:12,(anonymous_16)
FN:25,(anonymous_17)
FN:25,(anonymous_18)
FN:31,(anonymous_20)
FNF:6
FNH:3
FNDA:0,(anonymous_13)
FNDA:0,(anonymous_14)
FNDA:0,(anonymous_16)
FNDA:1,(anonymous_17)
FNDA:1,(anonymous_18)
FNDA:1,(anonymous_20)
DA:2,1
DA:5,1
DA:6,0
DA:7,0
DA:9,0
DA:10,0
DA:12,0
DA:13,0
DA:14,0
DA:16,0
DA:17,0
DA:19,0
DA:20,0
DA:25,1
DA:26,1
DA:28,1
DA:29,1
DA:31,1
DA:32,1
DA:33,0
DA:35,1
DA:36,1
DA:38,1
DA:39,1
LF:24
LH:12
BRDA:9,0,0,0
BRDA:13,1,0,0
BRDA:16,2,0,0
BRDA:19,3,0,0
BRDA:28,4,0,1
BRDA:32,5,0,0
BRDA:35,6,0,1
BRDA:38,7,0,1
BRF:8
BRH:3
end_of_record
TN:
SF:src/services/fetchService/countDown/CountDown.tsx
FN:4,(anonymous_6)
FN:12,(anonymous_7)
FN:19,(anonymous_8)
FN:24,CountDown
FN:37,(anonymous_10)
FNF:5
FNH:4
FNDA:8,(anonymous_6)
FNDA:2,(anonymous_7)
FNDA:0,(anonymous_8)
FNDA:5,CountDown
FNDA:1,(anonymous_10)
DA:1,1
DA:2,1
DA:4,1
DA:5,8
DA:6,8
DA:8,8
DA:9,8
DA:10,8
DA:12,8
DA:13,2
DA:14,0
DA:15,0
DA:16,0
DA:18,2
DA:19,1
DA:20,0
DA:25,5
DA:34,8
DA:37,1
DA:41,1
LF:20
LH:16
BRDA:13,0,0,0
BRDA:18,1,0,1
BRDA:27,2,0,0
BRDA:27,2,1,5
BRF:4
BRH:2
end_of_record
